2023-05-03T10:06:15.558Z - Server started on port 5000
2023-05-03T10:06:29.278Z - Server started on port 5000
2023-05-03T10:08:03.054Z - connection
2023-05-03T10:08:03.055Z - [object Object]
2023-05-03T10:12:58.023Z - asdfasdfas
2023-05-03T10:13:04.822Z - asdfasdfas
2023-05-03T10:14:41.930Z - Server started on port 5000
2023-05-03T12:57:58.918Z - Server started on port 5000
2023-05-03T13:14:06.920Z - WebSocket server listening on port 8080
2023-05-03T13:14:06.921Z - HTTP server listening on port 5000
2023-05-03T13:14:47.860Z - HTTP server listening on port 5000
2023-05-03T13:14:50.258Z - WebSocket server listening on port 8080
2023-05-03T13:14:50.260Z - HTTP server listening on port 5000
2023-05-03T13:14:53.122Z - WebSocket server listening on port 8080
2023-05-03T13:14:53.124Z - HTTP server listening on port 5000
2023-05-03T13:14:54.586Z - WebSocket server listening on port 8080
2023-05-03T13:14:54.588Z - HTTP server listening on port 5000
2023-05-03T13:14:55.861Z - WebSocket server listening on port 8080
2023-05-03T13:14:55.863Z - HTTP server listening on port 5000
2023-05-03T13:15:09.932Z - WebSocket server listening on port 8080
2023-05-03T13:15:09.935Z - HTTP server listening on port 5000
2023-05-08T05:52:57.524Z - [object Object]
2023-05-08T05:52:57.527Z - server listening on port
2023-05-08T05:53:07.786Z - [object Object]
2023-05-08T05:53:07.790Z - server listening on port
2023-05-08T05:56:12.067Z - [object Object]
2023-05-08T05:56:12.071Z - server listening on port
2023-05-08T05:56:36.021Z - server listening on port
2023-05-08T05:56:37.404Z - [object Object]
2023-05-08T05:56:37.408Z - server listening on port
2023-05-08T05:56:40.134Z - [object Object]
2023-05-08T05:56:40.138Z - server listening on port
2023-05-08T05:59:16.798Z - [object Object]
2023-05-08T05:59:16.801Z - server listening on port
2023-05-08T06:20:37.392Z - HTTP server listening on port
2023-05-08T06:20:40.114Z - HTTP server listening on port
2023-05-08T06:21:55.955Z - HTTP server listening on port
2023-05-08T06:22:11.106Z - HTTP server listening on port
2023-05-08T06:22:41.437Z - HTTP server listening on port
2023-05-08T06:22:49.543Z - HTTP server listening on port
2023-05-08T06:24:15.226Z - HTTP server listening on port
2023-05-08T06:24:27.073Z - New WebSocket connection
2023-05-08T06:24:28.957Z - WebSocket connection closed
2023-05-08T07:05:16.119Z - Express app listening on port 3000
2023-05-08T10:57:14.841Z - Express app listening on port 3000
2023-05-08T10:57:16.331Z - Express app listening on port 3000
2023-05-08T10:57:20.712Z - Express app listening on port 3000
2023-05-08T10:57:45.213Z - Express app listening on port 3000
2023-05-08T10:57:47.035Z - Express app listening on port 3000
2023-05-08T10:58:22.476Z - Express app listening on port 3000
2023-05-08T10:58:25.313Z - Express app listening on port 3000
2023-05-08T10:58:28.517Z - Express app listening on port 3000
2023-05-08T10:58:33.644Z - cannot login user
2023-05-08T10:59:41.021Z - Express app listening on port 3000
2023-05-08T10:59:44.533Z - cannot login user
2023-05-08T11:00:07.522Z - Express app listening on port 3000
2023-05-08T11:00:09.403Z - Express app listening on port 3000
2023-05-08T11:00:12.120Z - ver
2023-05-08T11:00:22.994Z - Express app listening on port 3000
2023-05-08T11:00:26.125Z - ver
2023-05-08T11:01:16.238Z - ver
2023-05-08T11:01:21.538Z - Express app listening on port 3000
2023-05-08T11:01:28.233Z - Express app listening on port 3000
2023-05-08T11:01:36.992Z - Express app listening on port 3000
2023-05-08T11:02:00.570Z - Express app listening on port 3000
2023-05-08T11:02:03.244Z - Express app listening on port 3000
2023-05-08T11:02:04.973Z - Express app listening on port 3000
2023-05-08T11:02:10.972Z - Express app listening on port 3000
2023-05-08T11:02:12.362Z - Express app listening on port 3000
2023-05-08T11:02:17.243Z - Express app listening on port 3000
2023-05-08T11:02:18.673Z - Express app listening on port 3000
2023-05-08T11:02:21.371Z - Express app listening on port 3000
2023-05-08T11:02:22.868Z - Express app listening on port 3000
2023-05-08T11:02:23.401Z - [object Object]
2023-05-08T11:02:51.635Z - Express app listening on port 3000
2023-05-08T11:03:21.059Z - Express app listening on port 3000
2023-05-08T11:08:28.323Z - Express app listening on port 3000
2023-05-08T11:45:10.311Z - Express app listening on port 3000
2023-05-08T11:45:16.391Z - Express app listening on port 3000
2023-05-08T11:45:23.133Z - Express app listening on port 3000
2023-05-08T11:45:28.323Z - Express app listening on port 3000
2023-05-08T11:45:32.317Z - Express app listening on port 3000
2023-05-08T11:45:49.211Z - Express app listening on port 3000
2023-05-08T11:45:51.914Z - Express app listening on port 3000
2023-05-08T11:45:53.167Z - Express app listening on port 3000
2023-05-08T11:45:54.615Z - Express app listening on port 3000
2023-05-08T11:45:55.890Z - Express app listening on port 3000
2023-05-08T11:46:12.253Z - Express app listening on port 3000
2023-05-08T11:46:15.085Z - Express app listening on port 3000
2023-05-08T11:46:16.067Z - Express app listening on port 3000
2023-05-08T11:46:17.367Z - Express app listening on port 3000
2023-05-08T11:46:18.581Z - Express app listening on port 3000
2023-05-08T11:46:20.065Z - Express app listening on port 3000
2023-05-08T11:46:33.623Z - Express app listening on port 3000
2023-05-08T11:46:35.873Z - Express app listening on port 3000
2023-05-08T11:46:37.031Z - Express app listening on port 3000
2023-05-08T11:46:38.161Z - Express app listening on port 3000
2023-05-08T11:46:39.500Z - Express app listening on port 3000
2023-05-08T11:46:40.984Z - Express app listening on port 3000
2023-05-08T11:47:26.302Z - Express app listening on port 3000
2023-05-08T11:47:46.056Z - Express app listening on port 3000
2023-05-08T11:47:49.507Z - Express app listening on port 3000
2023-05-08T11:47:50.625Z - Express app listening on port 3000
2023-05-08T11:47:52.001Z - Express app listening on port 3000
2023-05-08T11:47:53.783Z - Express app listening on port 3000
2023-05-08T11:47:56.312Z - Express app listening on port 3000
2023-05-08T11:50:13.300Z - Express app listening on port 3000
2023-05-08T11:50:30.482Z - Express app listening on port 3000
2023-05-08T11:50:31.422Z - Express app listening on port 3000
2023-05-08T11:50:42.931Z - Express app listening on port 3000
2023-05-08T11:50:44.223Z - Express app listening on port 3000
2023-05-08T11:50:45.553Z - Express app listening on port 3000
2023-05-08T11:50:49.461Z - Express app listening on port 3000
2023-05-08T11:50:56.232Z - Express app listening on port 3000
2023-05-08T11:51:00.318Z - Express app listening on port 3000
2023-05-08T11:54:16.524Z - Express app listening on port 3000
2023-05-08T11:55:01.052Z - Express app listening on port 3000
2023-05-08T11:55:04.571Z - Express app listening on port 3000
2023-05-08T11:55:06.338Z - Express app listening on port 3000
2023-05-08T11:55:11.393Z - Express app listening on port 3000
2023-05-08T11:55:16.909Z - Express app listening on port 3000
2023-05-08T11:55:24.473Z - Express app listening on port 3000
2023-05-08T11:55:37.694Z - Express app listening on port 3000
2023-05-08T11:55:46.403Z - Express app listening on port 3000
2023-05-08T11:56:01.519Z - Express app listening on port 3000
2023-05-08T11:56:02.968Z - Express app listening on port 3000
2023-05-08T11:56:05.609Z - Express app listening on port 3000
2023-05-08T11:56:12.162Z - Express app listening on port 3000
2023-05-08T11:56:26.018Z - Express app listening on port 3000
2023-05-08T11:56:46.045Z - Express app listening on port 3000
2023-05-08T11:56:50.163Z - Express app listening on port 3000
2023-05-08T11:56:54.381Z - Express app listening on port 3000
2023-05-08T11:56:57.147Z - Express app listening on port 3000
2023-05-08T11:56:59.892Z - Express app listening on port 3000
2023-05-08T11:57:04.555Z - Express app listening on port 3000
2023-05-08T11:57:11.072Z - Express app listening on port 3000
2023-05-08T11:57:15.801Z - Express app listening on port 3000
2023-05-08T11:57:17.102Z - Express app listening on port 3000
2023-05-08T11:57:20.770Z - Express app listening on port 3000
2023-05-08T11:57:35.679Z - Express app listening on port 3000
2023-05-08T11:57:41.612Z - Express app listening on port 3000
2023-05-08T11:59:17.447Z - Express app listening on port 3000
2023-05-08T11:59:33.820Z - Express app listening on port 3000
2023-05-08T11:59:34.935Z - Express app listening on port 3000
2023-05-08T12:00:09.123Z - Express app listening on port 3000
2023-05-08T12:00:13.726Z - Express app listening on port 3000
2023-05-08T12:00:14.748Z - Express app listening on port 3000
2023-05-08T12:00:21.320Z - Express app listening on port 3000
2023-05-08T12:00:22.649Z - Express app listening on port 3000
2023-05-08T12:00:24.274Z - Express app listening on port 3000
2023-05-08T12:01:03.536Z - Express app listening on port 3000
2023-05-08T12:01:05.819Z - Express app listening on port 3000
2023-05-08T12:01:07.491Z - Express app listening on port 3000
2023-05-08T12:01:08.709Z - Express app listening on port 3000
2023-05-08T12:01:36.968Z - Express app listening on port 3000
2023-05-08T12:01:40.767Z - Express app listening on port 3000
2023-05-08T12:01:56.185Z - Express app listening on port 3000
2023-05-08T12:01:58.865Z - Express app listening on port 3000
2023-05-08T12:02:03.707Z - Express app listening on port 3000
2023-05-08T12:02:09.263Z - Express app listening on port 3000
2023-05-08T12:02:11.422Z - Express app listening on port 3000
2023-05-08T12:02:22.637Z - Express app listening on port 3000
2023-05-08T12:02:27.596Z - Express app listening on port 3000
2023-05-08T12:02:29.198Z - Express app listening on port 3000
2023-05-08T12:02:32.224Z - Express app listening on port 3000
2023-05-08T12:02:34.790Z - Express app listening on port 3000
2023-05-08T12:02:39.782Z - Express app listening on port 3000
2023-05-08T12:02:44.782Z - Express app listening on port 3000
2023-05-08T12:03:00.964Z - Express app listening on port 3000
2023-05-08T12:03:04.309Z - Express app listening on port 3000
2023-05-08T12:03:12.540Z - Express app listening on port 3000
2023-05-08T12:03:15.827Z - Express app listening on port 3000
2023-05-08T12:03:18.189Z - Express app listening on port 3000
2023-05-08T12:03:21.196Z - Express app listening on port 3000
2023-05-08T12:03:24.141Z - Express app listening on port 3000
2023-05-08T12:03:39.068Z - Express app listening on port 3000
2023-05-08T12:03:41.946Z - Express app listening on port 3000
2023-05-08T12:03:43.885Z - Express app listening on port 3000
2023-05-08T12:03:47.449Z - Express app listening on port 3000
2023-05-08T12:03:48.804Z - Express app listening on port 3000
2023-05-08T12:03:49.723Z - Express app listening on port 3000
2023-05-08T12:03:51.917Z - Express app listening on port 3000
2023-05-08T12:03:54.365Z - Express app listening on port 3000
2023-05-08T12:03:58.448Z - Express app listening on port 3000
2023-05-08T12:03:59.628Z - Express app listening on port 3000
2023-05-08T12:04:03.109Z - Express app listening on port 3000
2023-05-08T12:04:05.331Z - Express app listening on port 3000
2023-05-08T12:04:15.768Z - Express app listening on port 3000
2023-05-08T12:04:21.138Z - Express app listening on port 3000
2023-05-08T12:04:22.398Z - Express app listening on port 3000
2023-05-08T12:04:24.415Z - Express app listening on port 3000
2023-05-08T12:04:37.087Z - Express app listening on port 3000
2023-05-08T12:21:16.019Z - Express app listening on port 3000
2023-05-08T12:21:20.792Z - Express app listening on port 3000
2023-05-08T12:21:34.197Z - Express app listening on port 3000
2023-05-08T12:42:05.949Z - Express app listening on port 3000
2023-05-08T12:42:07.524Z - Express app listening on port 3000
2023-05-08T12:42:30.334Z - Express app listening on port 3000
2023-05-08T12:43:16.344Z - Express app listening on port 3000
2023-05-15T05:27:59.176Z - Express app listening on port 5000
2023-05-15T06:16:46.811Z - Express app listening on port 5000
2023-06-13T12:04:26.680Z - Express app listening on port 5000
2023-06-16T10:13:43.827Z - Express app listening on port 5000
2023-06-16T10:21:51.096Z - Express app listening on port 5000
2023-06-16T11:05:29.291Z - Express app listening on port 5000
2023-06-16T11:05:31.737Z - undefined
2023-06-16T11:05:53.111Z - Express app listening on port 5000
2023-06-16T11:05:53.254Z - undefined
2023-06-16T11:06:11.945Z - Express app listening on port 5000
2023-06-16T11:06:14.793Z - Express app listening on port 5000
2023-06-16T11:06:16.554Z - [object Object]
2023-06-16T11:06:37.590Z - Express app listening on port 5000
2023-06-16T11:06:38.104Z - [object Object]
2023-06-16T11:06:54.830Z - Express app listening on port 5000
2023-06-16T11:06:56.409Z - Express app listening on port 5000
2023-06-16T11:07:05.415Z - Express app listening on port 5000
2023-06-16T11:07:07.744Z - Express app listening on port 5000
2023-06-16T11:07:15.452Z - Express app listening on port 5000
2023-06-16T11:07:18.836Z - Express app listening on port 5000
2023-06-16T11:07:24.946Z - Express app listening on port 5000
2023-06-16T11:07:26.863Z - Express app listening on port 5000
2023-06-16T11:07:28.090Z - Express app listening on port 5000
2023-06-16T11:07:33.216Z - Express app listening on port 5000
2023-06-16T11:07:33.988Z - [object Object]
2023-06-16T11:08:00.796Z - Express app listening on port 5000
2023-06-16T11:08:06.095Z - Express app listening on port 5000
2023-06-16T11:08:06.470Z - [object Object]
2023-06-16T11:18:13.539Z - Express app listening on port 5000
2023-06-16T12:11:48.940Z - Express app listening on port 5000
2023-06-16T12:11:54.034Z - Express app listening on port 5000
2023-06-19T05:01:48.391Z - Express app listening on port 5000
2023-06-19T05:35:01.089Z - Express app listening on port 5000
2023-06-19T05:35:15.845Z - Express app listening on port 5000
2023-06-19T07:16:19.577Z - [object Object]
2023-06-19T07:16:31.431Z - [object Object]
2023-06-19T07:28:16.081Z - Express app listening on port 35000
2023-06-19T07:36:32.131Z - Express app listening on port 35000
2023-06-19T07:36:38.719Z - Express app listening on port 35000
2023-06-19T07:36:41.483Z - Express app listening on port 35000
2023-06-19T07:38:01.881Z - Express app listening on port 35000
2023-06-19T07:43:38.002Z - Express app listening on port 35000
2023-06-19T07:53:14.906Z - Express app listening on port 35000
2023-06-19T07:54:10.383Z - Express app listening on port 35000
2023-06-19T07:54:15.328Z - Express app listening on port 35000
2023-06-19T09:14:29.949Z - Express app listening on port 35000
2023-06-19T09:57:04.201Z - Express app listening on port 35000
2023-06-20T05:24:41.862Z - Express app listening on port 35000
2023-06-21T08:01:00.316Z - Express app listening on port 35000
2023-06-21T08:01:14.639Z -  
2023-06-21T08:02:14.806Z - Express app listening on port 35000
2023-06-21T08:02:15.305Z - 1403
2023-06-21T08:03:25.306Z - Express app listening on port 35000
2023-06-21T08:03:26.617Z - Express app listening on port 35000
2023-06-21T08:03:29.991Z - Express app listening on port 35000
2023-06-21T08:03:31.225Z - Express app listening on port 35000
2023-06-21T08:03:33.825Z - Express app listening on port 35000
2023-06-21T08:03:35.449Z - Express app listening on port 35000
2023-06-21T08:03:37.578Z - Express app listening on port 35000
2023-06-21T08:03:48.739Z - Express app listening on port 35000
2023-06-21T08:03:55.729Z - Express app listening on port 35000
2023-06-21T08:03:57.540Z - Express app listening on port 35000
2023-06-21T08:03:59.425Z - Express app listening on port 35000
2023-06-21T08:03:59.840Z - 1403
2023-06-21T08:04:20.445Z - Express app listening on port 35000
2023-06-21T08:04:42.536Z - Express app listening on port 35000
2023-06-21T08:04:50.634Z - Express app listening on port 35000
2023-06-21T08:05:04.921Z - Express app listening on port 35000
2023-06-21T08:05:07.409Z - Express app listening on port 35000
2023-06-21T08:05:09.208Z - Express app listening on port 35000
2023-06-21T08:05:11.379Z - Express app listening on port 35000
2023-06-21T08:05:12.709Z - Express app listening on port 35000
2023-06-21T08:05:16.884Z - Express app listening on port 35000
2023-06-21T08:05:18.287Z - Express app listening on port 35000
2023-06-21T08:05:20.786Z - Express app listening on port 35000
2023-06-21T08:05:28.099Z - Express app listening on port 35000
2023-06-21T08:05:29.384Z - Express app listening on port 35000
2023-06-21T08:05:32.479Z - Express app listening on port 35000
2023-06-21T08:06:03.473Z - Express app listening on port 35000
2023-06-21T08:06:09.810Z - Express app listening on port 35000
2023-06-21T08:06:21.232Z - Express app listening on port 35000
2023-06-21T08:06:22.274Z - Express app listening on port 35000
2023-06-21T08:06:40.914Z - Express app listening on port 35000
2023-06-21T08:06:55.003Z - Express app listening on port 35000
2023-06-21T08:06:59.141Z - Express app listening on port 35000
2023-06-21T08:08:18.807Z - Express app listening on port 35000
2023-06-21T08:08:22.282Z - Express app listening on port 35000
2023-06-21T08:08:23.806Z - Express app listening on port 35000
2023-06-21T08:08:24.874Z - Express app listening on port 35000
2023-06-21T08:08:42.944Z - Express app listening on port 35000
2023-06-21T08:08:54.777Z - Express app listening on port 35000
2023-06-21T08:08:56.755Z - Express app listening on port 35000
2023-06-21T08:09:09.015Z - Express app listening on port 35000
2023-06-21T08:09:15.429Z - Express app listening on port 35000
2023-06-21T08:09:18.062Z - Express app listening on port 35000
2023-06-21T08:09:49.618Z - Express app listening on port 35000
2023-06-21T08:10:03.110Z - Express app listening on port 35000
2023-06-21T08:10:15.622Z - Express app listening on port 35000
2023-06-21T08:10:17.502Z - Express app listening on port 35000
2023-06-21T08:10:19.412Z - Express app listening on port 35000
2023-06-21T08:10:20.373Z - Express app listening on port 35000
2023-06-21T08:24:19.064Z - Express app listening on port 35000
2023-06-21T08:25:20.875Z - Express app listening on port 35000
2023-06-21T08:25:25.705Z - Express app listening on port 35000
2023-06-21T08:25:28.130Z - Express app listening on port 35000
2023-06-21T08:25:31.070Z - Express app listening on port 35000
2023-06-21T08:26:05.027Z - Express app listening on port 35000
2023-06-21T08:26:11.573Z - Express app listening on port 35000
2023-06-21T08:26:15.390Z - 998913574568
2023-06-21T08:27:14.485Z - Express app listening on port 35000
2023-06-21T08:28:17.992Z - Express app listening on port 35000
2023-06-21T08:28:36.990Z - Express app listening on port 35000
2023-06-21T08:29:24.898Z - 998913574568
2023-06-21T08:30:03.382Z - Express app listening on port 35000
2023-06-21T08:32:01.267Z - Express app listening on port 35000
2023-06-21T09:00:19.167Z - Express app listening on port 35000
2023-06-21T09:00:24.472Z - Express app listening on port 35000
2023-06-21T09:00:26.783Z - Express app listening on port 35000
2023-06-21T09:00:32.058Z - Express app listening on port 35000
2023-06-21T09:00:34.305Z - Express app listening on port 35000
2023-06-21T10:23:59.427Z - Express app listening on port 35000
2023-06-21T10:24:11.421Z - Express app listening on port 35000
2023-06-21T10:24:28.387Z - Express app listening on port 35000
2023-06-21T10:24:30.013Z - Express app listening on port 35000
2023-06-21T10:24:35.900Z - Express app listening on port 35000
